0 info it worked if it ends with ok
1 verbose cli [ '/Users/James/.nvm/versions/node/v0.12.15/bin/node',
1 verbose cli   '/Users/James/.nvm/versions/node/v0.12.15/bin/npm',
1 verbose cli   'install' ]
2 info using npm@2.15.1
3 info using node@v0.12.15
4 verbose readDependencies loading dependencies from /Users/James/Desktop/394/SnailChat/package.json
5 verbose install where, deps [ '/Users/James/Desktop/394/SnailChat',
5 verbose install   [ 'grunt-contrib-clean',
5 verbose install     'grunt-contrib-coffee',
5 verbose install     'grunt-contrib-concat',
5 verbose install     'grunt-contrib-copy',
5 verbose install     'grunt-contrib-sass',
5 verbose install     'grunt-extend-config',
5 verbose install     'jquery',
5 verbose install     'grunt-steroids' ] ]
6 verbose install where, peers [ '/Users/James/Desktop/394/SnailChat', [] ]
7 verbose installManyTop reading for lifecycle /Users/James/Desktop/394/SnailChat/package.json
8 info preinstall SnailChat@0.5.0
9 verbose installManyTop reading scoped package data from /Users/James/Desktop/394/SnailChat/node_modules/grunt/package.json
10 verbose installManyTop reading scoped package data from /Users/James/Desktop/394/SnailChat/node_modules/grunt-contrib-clean/package.json
11 verbose installManyTop reading scoped package data from /Users/James/Desktop/394/SnailChat/node_modules/grunt-contrib-coffee/package.json
12 verbose installManyTop reading scoped package data from /Users/James/Desktop/394/SnailChat/node_modules/grunt-contrib-concat/package.json
13 verbose installManyTop reading scoped package data from /Users/James/Desktop/394/SnailChat/node_modules/grunt-contrib-copy/package.json
14 verbose installManyTop reading scoped package data from /Users/James/Desktop/394/SnailChat/node_modules/grunt-contrib-sass/package.json
15 verbose installManyTop reading scoped package data from /Users/James/Desktop/394/SnailChat/node_modules/grunt-extend-config/package.json
16 verbose installManyTop reading scoped package data from /Users/James/Desktop/394/SnailChat/node_modules/grunt-steroids/package.json
17 verbose installManyTop reading scoped package data from /Users/James/Desktop/394/SnailChat/node_modules/jquery/package.json
18 info package.json grunt-steroids@1.2.0 No license field.
19 verbose readDependencies loading dependencies from /Users/James/Desktop/394/SnailChat/package.json
20 verbose targetResolver reading package data from /Users/James/Desktop/394/SnailChat/node_modules/grunt/package.json
21 verbose targetResolver reading package data from /Users/James/Desktop/394/SnailChat/node_modules/grunt-contrib-clean/package.json
22 verbose targetResolver reading package data from /Users/James/Desktop/394/SnailChat/node_modules/grunt-contrib-coffee/package.json
23 verbose targetResolver reading package data from /Users/James/Desktop/394/SnailChat/node_modules/grunt-contrib-concat/package.json
24 verbose targetResolver reading package data from /Users/James/Desktop/394/SnailChat/node_modules/grunt-contrib-copy/package.json
25 verbose targetResolver reading package data from /Users/James/Desktop/394/SnailChat/node_modules/grunt-contrib-sass/package.json
26 verbose targetResolver reading package data from /Users/James/Desktop/394/SnailChat/node_modules/grunt-extend-config/package.json
27 verbose targetResolver reading package data from /Users/James/Desktop/394/SnailChat/node_modules/grunt-steroids/package.json
28 verbose targetResolver reading package data from /Users/James/Desktop/394/SnailChat/node_modules/jquery/package.json
29 verbose targetResolver reading package data from /Users/James/Desktop/394/SnailChat/node_modules/.bin/grunt/package.json
30 verbose already installed skipping grunt-contrib-clean@^1.0.0 /Users/James/Desktop/394/SnailChat
31 verbose already installed skipping grunt-contrib-coffee@^1.0.0 /Users/James/Desktop/394/SnailChat
32 verbose already installed skipping grunt-contrib-concat@^1.0.1 /Users/James/Desktop/394/SnailChat
33 verbose already installed skipping grunt-contrib-copy@^1.0.0 /Users/James/Desktop/394/SnailChat
34 verbose already installed skipping grunt-contrib-sass@^1.0.0 /Users/James/Desktop/394/SnailChat
35 verbose already installed skipping grunt-extend-config@^0.9.5 /Users/James/Desktop/394/SnailChat
36 verbose already installed skipping jquery@^3.1.1 /Users/James/Desktop/394/SnailChat
37 verbose already installed skipping grunt-steroids@1.x /Users/James/Desktop/394/SnailChat
38 silly install resolved []
39 info build /Users/James/Desktop/394/SnailChat
40 info linkStuff SnailChat@0.5.0
41 silly linkStuff SnailChat@0.5.0 has /Users/James/Desktop/394 as its parent node_modules
42 verbose linkBins SnailChat@0.5.0
43 verbose linkMans SnailChat@0.5.0
44 verbose rebuildBundles SnailChat@0.5.0
45 verbose rebuildBundles [ '.bin',
45 verbose rebuildBundles   'grunt',
45 verbose rebuildBundles   'grunt-contrib-clean',
45 verbose rebuildBundles   'grunt-contrib-coffee',
45 verbose rebuildBundles   'grunt-contrib-concat',
45 verbose rebuildBundles   'grunt-contrib-copy',
45 verbose rebuildBundles   'grunt-contrib-sass',
45 verbose rebuildBundles   'grunt-extend-config',
45 verbose rebuildBundles   'grunt-steroids',
45 verbose rebuildBundles   'jquery' ]
46 verbose rebuild bundle /Users/James/Desktop/394/SnailChat/node_modules/grunt
47 info build /Users/James/Desktop/394/SnailChat/node_modules/grunt
48 info preinstall grunt@1.0.1
49 info linkStuff grunt@1.0.1
50 silly linkStuff grunt@1.0.1 has /Users/James/Desktop/394/SnailChat/node_modules as its parent node_modules
51 verbose linkBins grunt@1.0.1
52 verbose link bins [ { grunt: 'bin/grunt' },
52 verbose link bins   '/Users/James/Desktop/394/SnailChat/node_modules/.bin',
52 verbose link bins   false ]
53 verbose linkMans grunt@1.0.1
54 verbose rebuildBundles grunt@1.0.1
55 verbose rebuildBundles [ '.bin',
55 verbose rebuildBundles   'coffee-script',
55 verbose rebuildBundles   'dateformat',
55 verbose rebuildBundles   'eventemitter2',
55 verbose rebuildBundles   'exit',
55 verbose rebuildBundles   'findup-sync',
55 verbose rebuildBundles   'glob',
55 verbose rebuildBundles   'grunt-cli',
55 verbose rebuildBundles   'grunt-known-options',
55 verbose rebuildBundles   'grunt-legacy-log',
55 verbose rebuildBundles   'grunt-legacy-util',
55 verbose rebuildBundles   'iconv-lite',
55 verbose rebuildBundles   'js-yaml',
55 verbose rebuildBundles   'minimatch',
55 verbose rebuildBundles   'nopt',
55 verbose rebuildBundles   'path-is-absolute',
55 verbose rebuildBundles   'rimraf' ]
56 silly gentlyRm /Users/James/Desktop/394/SnailChat/node_modules/.bin/grunt is being purged
57 verbose gentlyRm don't care about contents; nuking /Users/James/Desktop/394/SnailChat/node_modules/.bin/grunt
58 silly vacuum-fs purging /Users/James/Desktop/394/SnailChat/node_modules/.bin/grunt
59 silly vacuum-fs removing /Users/James/Desktop/394/SnailChat/node_modules/.bin
60 silly vacuum-fs quitting because other entries in /Users/James/Desktop/394/SnailChat/node_modules
61 info install grunt@1.0.1
62 info postinstall grunt@1.0.1
63 info install SnailChat@0.5.0
64 info postinstall SnailChat@0.5.0
65 info prepublish SnailChat@0.5.0
66 verbose validateInstall loading /Users/James/Desktop/394/SnailChat/package.json for validation
67 verbose stack Error: The package grunt-contrib-clean@1.0.0 does not satisfy its siblings' peerDependencies requirements!
67 verbose stack     at /Users/James/.nvm/versions/node/v0.12.15/lib/node_modules/npm/lib/install.js:125:32
67 verbose stack     at /Users/James/.nvm/versions/node/v0.12.15/lib/node_modules/npm/lib/install.js:268:7
67 verbose stack     at /Users/James/.nvm/versions/node/v0.12.15/lib/node_modules/npm/node_modules/read-installed/read-installed.js:142:5
67 verbose stack     at /Users/James/.nvm/versions/node/v0.12.15/lib/node_modules/npm/node_modules/read-installed/read-installed.js:263:14
67 verbose stack     at cb (/Users/James/.nvm/versions/node/v0.12.15/lib/node_modules/npm/node_modules/slide/lib/async-map.js:47:24)
67 verbose stack     at /Users/James/.nvm/versions/node/v0.12.15/lib/node_modules/npm/node_modules/read-installed/read-installed.js:263:14
67 verbose stack     at cb (/Users/James/.nvm/versions/node/v0.12.15/lib/node_modules/npm/node_modules/slide/lib/async-map.js:47:24)
67 verbose stack     at /Users/James/.nvm/versions/node/v0.12.15/lib/node_modules/npm/node_modules/read-installed/read-installed.js:263:14
67 verbose stack     at cb (/Users/James/.nvm/versions/node/v0.12.15/lib/node_modules/npm/node_modules/slide/lib/async-map.js:47:24)
67 verbose stack     at /Users/James/.nvm/versions/node/v0.12.15/lib/node_modules/npm/node_modules/read-installed/read-installed.js:263:14
68 verbose cwd /Users/James/Desktop/394/SnailChat
69 error Darwin 16.1.0
70 error argv "/Users/James/.nvm/versions/node/v0.12.15/bin/node" "/Users/James/.nvm/versions/node/v0.12.15/bin/npm" "install"
71 error node v0.12.15
72 error npm  v2.15.1
73 error code EPEERINVALID
74 error peerinvalid The package grunt-contrib-clean@1.0.0 does not satisfy its siblings' peerDependencies requirements!
74 error peerinvalid Peer grunt-steroids@1.2.0 wants grunt-contrib-clean@0.6.0
75 verbose exit [ 1, true ]
